<?xml version="1.0" encoding="UTF-8"?>
<!-- Generated by org.testng.reporters.JUnitReportReporter -->
<testsuite hostname="DESKTOP-OLMG97I" failures="0" tests="1" name="testClass.ProductDetailsPageTest" time="0.248" errors="0" timestamp="2023-06-30T16:45:51 IST" skipped="0">
  <testcase classname="testClass.ProductDetailsPageTest" name="selectProduct" time="0.248"/>
  <system-out/>
</testsuite> <!-- testClass.ProductDetailsPageTest -->
