<?xml version="1.0" encoding="UTF-8"?>
<!-- Generated by org.testng.reporters.JUnitReportReporter -->
<testsuite hostname="DESKTOP-OLMG97I" failures="0" tests="4" name="testClass.ProductPTest" time="11.959" errors="0" timestamp="2023-06-30T16:45:51 IST" skipped="0">
  <testcase classname="testClass.ProductPTest" name="applyFilters" time="1.182"/>
  <system-out/>
  <testcase classname="testClass.ProductPTest" name="reset" time="4.055"/>
  <system-out/>
  <testcase classname="testClass.ProductPTest" name="sortingFilter" time="1.004"/>
  <system-out/>
  <testcase classname="testClass.ProductPTest" name="navToProduct" time="5.718"/>
  <system-out/>
</testsuite> <!-- testClass.ProductPTest -->
